[ INFO ] [2020-07-24 09:12:35.472] com.lz.applet.AppletApplication [55] [main]- Starting AppletApplication on LAPTOP-QF7KO5OK with PID 2172 (D:\WorkAndStudy\idea\IdeaProjects\applet\target\classes started by Âê¥Ê≠£ÈõÑ in D:\WorkAndStudy\idea\IdeaProjects\applet)
[ INFO ] [2020-07-24 09:12:35.472] com.lz.applet.AppletApplication [651] [main]- No active profile set, falling back to default profiles: default
[ INFO ] [2020-07-24 09:12:36.909] org.springframework.data.repository.config.RepositoryConfigurationDelegate [249] [main]- Multiple Spring Data modules found, entering strict repository configuration mode!
[ INFO ] [2020-07-24 09:12:36.909] org.springframework.data.repository.config.RepositoryConfigurationDelegate [127] [main]- Bootstrapping Spring Data Redis repositories in DEFAULT mode.
[ INFO ] [2020-07-24 09:12:36.940] org.springframework.data.repository.config.RepositoryConfigurationDelegate [187] [main]- Finished Spring Data repository scanning in 14ms. Found 0 Redis repository interfaces.
[ INFO ] [2020-07-24 09:12:37.237] org.springframework.context.support.PostProcessorRegistrationDelegate$BeanPostProcessorChecker [335] [main]- Bean 'org.apache.shiro.spring.boot.autoconfigure.ShiroBeanAutoConfiguration' of type [org.apache.shiro.spring.boot.autoconfigure.ShiroBeanAutoConfiguration$$EnhancerBySpringCGLIB$$c40ff684] is not eligible for getting processed by all BeanPostProcessors (for example: not eligible for auto-proxying)
[ INFO ] [2020-07-24 09:12:37.284] org.springframework.context.support.PostProcessorRegistrationDelegate$BeanPostProcessorChecker [335] [main]- Bean 'org.apache.shiro.spring.boot.autoconfigure.ShiroAnnotationProcessorAutoConfiguration' of type [org.apache.shiro.spring.boot.autoconfigure.ShiroAnnotationProcessorAutoConfiguration$$EnhancerBySpringCGLIB$$c6a33529] is not eligible for getting processed by all BeanPostProcessors (for example: not eligible for auto-proxying)
[ INFO ] [2020-07-24 09:12:37.299] org.springframework.context.support.PostProcessorRegistrationDelegate$BeanPostProcessorChecker [335] [main]- Bean 'shiroConfig' of type [com.lz.applet.config.ShiroConfig$$EnhancerBySpringCGLIB$$2eac8401] is not eligible for getting processed by all BeanPostProcessors (for example: not eligible for auto-proxying)
[ INFO ] [2020-07-24 09:12:37.424] org.springframework.context.support.PostProcessorRegistrationDelegate$BeanPostProcessorChecker [335] [main]- Bean 'mybatis-org.mybatis.spring.boot.autoconfigure.MybatisProperties' of type [org.mybatis.spring.boot.autoconfigure.MybatisProperties] is not eligible for getting processed by all BeanPostProcessors (for example: not eligible for auto-proxying)
[ INFO ] [2020-07-24 09:12:37.424] org.springframework.context.support.PostProcessorRegistrationDelegate$BeanPostProcessorChecker [335] [main]- Bean 'org.mybatis.spring.boot.autoconfigure.MybatisAutoConfiguration' of type [org.mybatis.spring.boot.autoconfigure.MybatisAutoConfiguration$$EnhancerBySpringCGLIB$$e3cb6a04] is not eligible for getting processed by all BeanPostProcessors (for example: not eligible for auto-proxying)
[ INFO ] [2020-07-24 09:12:37.440] org.springframework.context.support.PostProcessorRegistrationDelegate$BeanPostProcessorChecker [335] [main]- Bean 'org.springframework.boot.autoconfigure.jdbc.DataSourceConfiguration$Hikari' of type [org.springframework.boot.autoconfigure.jdbc.DataSourceConfiguration$Hikari] is not eligible for getting processed by all BeanPostProcessors (for example: not eligible for auto-proxying)
[ INFO ] [2020-07-24 09:12:37.440] org.springframework.context.support.PostProcessorRegistrationDelegate$BeanPostProcessorChecker [335] [main]- Bean 'spring.datasource-org.springframework.boot.autoconfigure.jdbc.DataSourceProperties' of type [org.springframework.boot.autoconfigure.jdbc.DataSourceProperties] is not eligible for getting processed by all BeanPostProcessors (for example: not eligible for auto-proxying)
[ INFO ] [2020-07-24 09:12:37.471] org.springframework.context.support.PostProcessorRegistrationDelegate$BeanPostProcessorChecker [335] [main]- Bean 'dataSource' of type [com.zaxxer.hikari.HikariDataSource] is not eligible for getting processed by all BeanPostProcessors (for example: not eligible for auto-proxying)
[ INFO ] [2020-07-24 09:12:37.471] org.springframework.context.support.PostProcessorRegistrationDelegate$BeanPostProcessorChecker [335] [main]- Bean 'org.springframework.boot.autoconfigure.jdbc.DataSourceInitializerInvoker' of type [org.springframework.boot.autoconfigure.jdbc.DataSourceInitializerInvoker] is not eligible for getting processed by all BeanPostProcessors (for example: not eligible for auto-proxying)
[ INFO ] [2020-07-24 09:12:37.768] org.springframework.context.support.PostProcessorRegistrationDelegate$BeanPostProcessorChecker [335] [main]- Bean 'sqlSessionFactory' of type [org.apache.ibatis.session.defaults.DefaultSqlSessionFactory] is not eligible for getting processed by all BeanPostProcessors (for example: not eligible for auto-proxying)
[ INFO ] [2020-07-24 09:12:37.768] org.springframework.context.support.PostProcessorRegistrationDelegate$BeanPostProcessorChecker [335] [main]- Bean 'sqlSessionTemplate' of type [org.mybatis.spring.SqlSessionTemplate] is not eligible for getting processed by all BeanPostProcessors (for example: not eligible for auto-proxying)
[ INFO ] [2020-07-24 09:12:37.768] org.springframework.context.support.PostProcessorRegistrationDelegate$BeanPostProcessorChecker [335] [main]- Bean 'userMapper' of type [org.mybatis.spring.mapper.MapperFactoryBean] is not eligible for getting processed by all BeanPostProcessors (for example: not eligible for auto-proxying)
[ INFO ] [2020-07-24 09:12:37.784] org.springframework.context.support.PostProcessorRegistrationDelegate$BeanPostProcessorChecker [335] [main]- Bean 'userMapper' of type [com.sun.proxy.$Proxy68] is not eligible for getting processed by all BeanPostProcessors (for example: not eligible for auto-proxying)
[ INFO ] [2020-07-24 09:12:37.784] org.springframework.context.support.PostProcessorRegistrationDelegate$BeanPostProcessorChecker [335] [main]- Bean 'userServiceImpl' of type [com.lz.applet.service.impl.UserServiceImpl] is not eligible for getting processed by all BeanPostProcessors (for example: not eligible for auto-proxying)
[ INFO ] [2020-07-24 09:12:37.784] org.springframework.context.support.PostProcessorRegistrationDelegate$BeanPostProcessorChecker [335] [main]- Bean 'userRealm' of type [com.lz.applet.config.UserRealm] is not eligible for getting processed by all BeanPostProcessors (for example: not eligible for auto-proxying)
[ INFO ] [2020-07-24 09:12:38.205] org.springframework.context.support.PostProcessorRegistrationDelegate$BeanPostProcessorChecker [335] [main]- Bean 'securityManager' of type [org.apache.shiro.web.mgt.DefaultWebSecurityManager] is not eligible for getting processed by all BeanPostProcessors (for example: not eligible for auto-proxying)
[ INFO ] [2020-07-24 09:12:38.205] org.springframework.context.support.PostProcessorRegistrationDelegate$BeanPostProcessorChecker [335] [main]- Bean 'authorizationAttributeSourceAdvisor' of type [org.apache.shiro.spring.security.interceptor.AuthorizationAttributeSourceAdvisor] is not eligible for getting processed by all BeanPostProcessors (for example: not eligible for auto-proxying)
[ INFO ] [2020-07-24 09:12:38.252] org.springframework.context.support.PostProcessorRegistrationDelegate$BeanPostProcessorChecker [335] [main]- Bean 'eventBus' of type [org.apache.shiro.event.support.DefaultEventBus] is not eligible for getting processed by all BeanPostProcessors (for example: not eligible for auto-proxying)
[ INFO ] [2020-07-24 09:12:38.518] org.springframework.boot.web.embedded.tomcat.TomcatWebServer [108] [main]- Tomcat initialized with port(s): 8080 (http)
[ INFO ] [2020-07-24 09:12:38.533] org.apache.coyote.http11.Http11NioProtocol [173] [main]- Initializing ProtocolHandler ["http-nio-8080"]
[ INFO ] [2020-07-24 09:12:38.533] org.apache.catalina.core.StandardService [173] [main]- Starting service [Tomcat]
[ INFO ] [2020-07-24 09:12:38.533] org.apache.catalina.core.StandardEngine [173] [main]- Starting Servlet engine: [Apache Tomcat/9.0.35]
[ INFO ] [2020-07-24 09:12:38.643] org.apache.catalina.core.ContainerBase.[Tomcat].[localhost].[/] [173] [main]- Initializing Spring embedded WebApplicationContext
[ INFO ] [2020-07-24 09:12:38.643] org.springframework.web.context.ContextLoader [284] [main]- Root WebApplicationContext: initialization completed in 3046 ms
[ INFO ] [2020-07-24 09:12:39.377] org.springframework.scheduling.concurrent.ThreadPoolTaskExecutor [181] [main]- Initializing ExecutorService 'applicationTaskExecutor'
[ INFO ] [2020-07-24 09:12:39.752] org.apache.coyote.http11.Http11NioProtocol [173] [main]- Starting ProtocolHandler ["http-nio-8080"]
[ INFO ] [2020-07-24 09:12:39.767] org.springframework.boot.web.embedded.tomcat.TomcatWebServer [220] [main]- Tomcat started on port(s): 8080 (http) with context path ''
[ INFO ] [2020-07-24 09:12:39.783] com.lz.applet.AppletApplication [61] [main]- Started AppletApplication in 5.329 seconds (JVM running for 8.017)
[ INFO ] [2020-07-24 09:13:24.913] org.apache.catalina.core.ContainerBase.[Tomcat].[localhost].[/] [173] [http-nio-8080-exec-1]- Initializing Spring DispatcherServlet 'dispatcherServlet'
[ INFO ] [2020-07-24 09:13:24.913] org.springframework.web.servlet.DispatcherServlet [525] [http-nio-8080-exec-1]- Initializing Servlet 'dispatcherServlet'
[ INFO ] [2020-07-24 09:13:24.922] org.springframework.web.servlet.DispatcherServlet [547] [http-nio-8080-exec-1]- Completed initialization in 9 ms
[ INFO ] [2020-07-24 09:13:44.477] com.zaxxer.hikari.HikariDataSource [110] [http-nio-8080-exec-2]- HikariPool-1 - Starting...
[ INFO ] [2020-07-24 09:13:45.545] com.zaxxer.hikari.HikariDataSource [123] [http-nio-8080-exec-2]- HikariPool-1 - Start completed.
[ INFO ] [2020-07-24 09:46:48.403] com.lz.applet.AppletApplicationTests [55] [main]- Starting AppletApplicationTests on LAPTOP-QF7KO5OK with PID 3168 (started by Œ‚’˝–€ in D:\WorkAndStudy\idea\IdeaProjects\applet)
[ INFO ] [2020-07-24 09:46:48.406] com.lz.applet.AppletApplicationTests [651] [main]- No active profile set, falling back to default profiles: default
[ INFO ] [2020-07-24 09:46:49.132] org.springframework.data.repository.config.RepositoryConfigurationDelegate [249] [main]- Multiple Spring Data modules found, entering strict repository configuration mode!
[ INFO ] [2020-07-24 09:46:49.137] org.springframework.data.repository.config.RepositoryConfigurationDelegate [127] [main]- Bootstrapping Spring Data Redis repositories in DEFAULT mode.
[ INFO ] [2020-07-24 09:46:49.160] org.springframework.data.repository.config.RepositoryConfigurationDelegate [187] [main]- Finished Spring Data repository scanning in 10ms. Found 0 Redis repository interfaces.
[ INFO ] [2020-07-24 09:46:49.556] org.springframework.context.support.PostProcessorRegistrationDelegate$BeanPostProcessorChecker [335] [main]- Bean 'org.apache.shiro.spring.boot.autoconfigure.ShiroBeanAutoConfiguration' of type [org.apache.shiro.spring.boot.autoconfigure.ShiroBeanAutoConfiguration$$EnhancerBySpringCGLIB$$6e0d47cf] is not eligible for getting processed by all BeanPostProcessors (for example: not eligible for auto-proxying)
[ INFO ] [2020-07-24 09:46:49.592] org.springframework.context.support.PostProcessorRegistrationDelegate$BeanPostProcessorChecker [335] [main]- Bean 'org.apache.shiro.spring.boot.autoconfigure.ShiroAnnotationProcessorAutoConfiguration' of type [org.apache.shiro.spring.boot.autoconfigure.ShiroAnnotationProcessorAutoConfiguration$$EnhancerBySpringCGLIB$$70a08674] is not eligible for getting processed by all BeanPostProcessors (for example: not eligible for auto-proxying)
[ INFO ] [2020-07-24 09:46:49.627] org.springframework.context.support.PostProcessorRegistrationDelegate$BeanPostProcessorChecker [335] [main]- Bean 'shiroConfig' of type [com.lz.applet.config.ShiroConfig$$EnhancerBySpringCGLIB$$d8a9d54c] is not eligible for getting processed by all BeanPostProcessors (for example: not eligible for auto-proxying)
[ INFO ] [2020-07-24 09:46:49.753] org.springframework.context.support.PostProcessorRegistrationDelegate$BeanPostProcessorChecker [335] [main]- Bean 'mybatis-org.mybatis.spring.boot.autoconfigure.MybatisProperties' of type [org.mybatis.spring.boot.autoconfigure.MybatisProperties] is not eligible for getting processed by all BeanPostProcessors (for example: not eligible for auto-proxying)
[ INFO ] [2020-07-24 09:46:49.764] org.springframework.context.support.PostProcessorRegistrationDelegate$BeanPostProcessorChecker [335] [main]- Bean 'org.mybatis.spring.boot.autoconfigure.MybatisAutoConfiguration' of type [org.mybatis.spring.boot.autoconfigure.MybatisAutoConfiguration$$EnhancerBySpringCGLIB$$8dc8bb4f] is not eligible for getting processed by all BeanPostProcessors (for example: not eligible for auto-proxying)
[ INFO ] [2020-07-24 09:46:49.767] org.springframework.context.support.PostProcessorRegistrationDelegate$BeanPostProcessorChecker [335] [main]- Bean 'org.springframework.boot.autoconfigure.jdbc.DataSourceConfiguration$Hikari' of type [org.springframework.boot.autoconfigure.jdbc.DataSourceConfiguration$Hikari] is not eligible for getting processed by all BeanPostProcessors (for example: not eligible for auto-proxying)
[ INFO ] [2020-07-24 09:46:49.778] org.springframework.context.support.PostProcessorRegistrationDelegate$BeanPostProcessorChecker [335] [main]- Bean 'spring.datasource-org.springframework.boot.autoconfigure.jdbc.DataSourceProperties' of type [org.springframework.boot.autoconfigure.jdbc.DataSourceProperties] is not eligible for getting processed by all BeanPostProcessors (for example: not eligible for auto-proxying)
[ INFO ] [2020-07-24 09:46:49.806] org.springframework.context.support.PostProcessorRegistrationDelegate$BeanPostProcessorChecker [335] [main]- Bean 'dataSource' of type [com.zaxxer.hikari.HikariDataSource] is not eligible for getting processed by all BeanPostProcessors (for example: not eligible for auto-proxying)
[ INFO ] [2020-07-24 09:46:49.819] org.springframework.context.support.PostProcessorRegistrationDelegate$BeanPostProcessorChecker [335] [main]- Bean 'org.springframework.boot.autoconfigure.jdbc.DataSourceInitializerInvoker' of type [org.springframework.boot.autoconfigure.jdbc.DataSourceInitializerInvoker] is not eligible for getting processed by all BeanPostProcessors (for example: not eligible for auto-proxying)
[ INFO ] [2020-07-24 09:46:50.081] org.springframework.context.support.PostProcessorRegistrationDelegate$BeanPostProcessorChecker [335] [main]- Bean 'sqlSessionFactory' of type [org.apache.ibatis.session.defaults.DefaultSqlSessionFactory] is not eligible for getting processed by all BeanPostProcessors (for example: not eligible for auto-proxying)
[ INFO ] [2020-07-24 09:46:50.089] org.springframework.context.support.PostProcessorRegistrationDelegate$BeanPostProcessorChecker [335] [main]- Bean 'sqlSessionTemplate' of type [org.mybatis.spring.SqlSessionTemplate] is not eligible for getting processed by all BeanPostProcessors (for example: not eligible for auto-proxying)
[ INFO ] [2020-07-24 09:46:50.090] org.springframework.context.support.PostProcessorRegistrationDelegate$BeanPostProcessorChecker [335] [main]- Bean 'userMapper' of type [org.mybatis.spring.mapper.MapperFactoryBean] is not eligible for getting processed by all BeanPostProcessors (for example: not eligible for auto-proxying)
[ INFO ] [2020-07-24 09:46:50.092] org.springframework.context.support.PostProcessorRegistrationDelegate$BeanPostProcessorChecker [335] [main]- Bean 'userMapper' of type [com.sun.proxy.$Proxy80] is not eligible for getting processed by all BeanPostProcessors (for example: not eligible for auto-proxying)
[ INFO ] [2020-07-24 09:46:50.093] org.springframework.context.support.PostProcessorRegistrationDelegate$BeanPostProcessorChecker [335] [main]- Bean 'userServiceImpl' of type [com.lz.applet.service.impl.UserServiceImpl] is not eligible for getting processed by all BeanPostProcessors (for example: not eligible for auto-proxying)
[ INFO ] [2020-07-24 09:46:50.094] org.springframework.context.support.PostProcessorRegistrationDelegate$BeanPostProcessorChecker [335] [main]- Bean 'userRealm' of type [com.lz.applet.config.UserRealm] is not eligible for getting processed by all BeanPostProcessors (for example: not eligible for auto-proxying)
[ INFO ] [2020-07-24 09:46:50.517] org.springframework.context.support.PostProcessorRegistrationDelegate$BeanPostProcessorChecker [335] [main]- Bean 'securityManager' of type [org.apache.shiro.web.mgt.DefaultWebSecurityManager] is not eligible for getting processed by all BeanPostProcessors (for example: not eligible for auto-proxying)
[ INFO ] [2020-07-24 09:46:50.528] org.springframework.context.support.PostProcessorRegistrationDelegate$BeanPostProcessorChecker [335] [main]- Bean 'authorizationAttributeSourceAdvisor' of type [org.apache.shiro.spring.security.interceptor.AuthorizationAttributeSourceAdvisor] is not eligible for getting processed by all BeanPostProcessors (for example: not eligible for auto-proxying)
[ INFO ] [2020-07-24 09:46:50.713] org.springframework.context.support.PostProcessorRegistrationDelegate$BeanPostProcessorChecker [335] [main]- Bean 'eventBus' of type [org.apache.shiro.event.support.DefaultEventBus] is not eligible for getting processed by all BeanPostProcessors (for example: not eligible for auto-proxying)
[ INFO ] [2020-07-24 09:46:51.786] org.springframework.scheduling.concurrent.ThreadPoolTaskExecutor [181] [main]- Initializing ExecutorService 'applicationTaskExecutor'
[ INFO ] [2020-07-24 09:46:52.502] com.lz.applet.AppletApplicationTests [61] [main]- Started AppletApplicationTests in 4.54 seconds (JVM running for 5.422)
[ INFO ] [2020-07-24 09:46:52.555] com.lz.applet.AppletApplicationTests [18] [main]- log:info
[ INFO ] [2020-07-24 09:46:52.600] org.springframework.scheduling.concurrent.ThreadPoolTaskExecutor [218] [SpringContextShutdownHook]- Shutting down ExecutorService 'applicationTaskExecutor'
